<?xml version="1.0" encoding="UTF-8"?>
<!-- Generated by org.testng.reporters.JUnitReportReporter -->
<testsuite hostname="T1DNS01" failures="0" tests="1" name="com.testautomation.TestRunner.TestRunner" time="46.208" errors="0" timestamp="06 Dec 2019 14:26:12 GMT" skipped="0">
  <testcase classname="com.testautomation.TestRunner.TestRunner" name="feature" time="46.208"/>
</testsuite> <!-- com.testautomation.TestRunner.TestRunner -->
