<?xml version="1.0" encoding="UTF-8"?>
<!-- Generated by org.testng.reporters.JUnitReportReporter -->
<testsuite skipped="0" hostname="T1DNS01" name="com.testautomation.TestRunner.TestRunner" tests="1" failures="0" timestamp="04 Dec 2019 08:30:21 GMT" time="49.733" errors="0">
  <testcase name="feature" time="49.733" classname="com.testautomation.TestRunner.TestRunner"/>
</testsuite> <!-- com.testautomation.TestRunner.TestRunner -->
